app/build/intermediates/manifest_merge_blame_file/debug/processDebugMainManifest/manifest-merger-blame-debug-report.txt
1<?xml version="1.0" encoding="utf-8"?>
2<manifest xmlns:android="http://schemas.android.com/apk/res/android"
3    package="bankal_deir.com"
4    android:versionCode="1"
5    android:versionName="1.0" >
6
7    <uses-sdk
8        android:minSdkVersion="29"
9        android:targetSdkVersion="36" />
10
11    <uses-feature
11-->src\main\AndroidManifest.xml:5:5-7:36
12        android:name="android.hardware.camera"
12-->src\main\AndroidManifest.xml:6:9-47
13        android:required="false" />
13-->src\main\AndroidManifest.xml:7:9-33
14
15    <uses-permission android:name="android.permission.INTERNET" />
15-->src\main\AndroidManifest.xml:9:5-67
15-->src\main\AndroidManifest.xml:9:22-64
16    <uses-permission android:name="android.permission.ACCESS_NETWORK_STATE" />
16-->src\main\AndroidManifest.xml:10:5-79
16-->src\main\AndroidManifest.xml:10:22-76
17    <uses-permission android:name="android.permission.CAMERA" />
17-->src\main\AndroidManifest.xml:11:5-65
17-->src\main\AndroidManifest.xml:11:22-62
18    <uses-permission android:name="android.permission.RECEIVE_SMS" />
18-->src\main\AndroidManifest.xml:12:5-14:71
18-->src\main\AndroidManifest.xml:13:9-54
19
20    <queries>
20-->[com.braintreepayments.api:braintree-core:4.41.0] AndroidManifest.xml:13:5-16:15
21        <package android:name="com.venmo" />
21-->[com.braintreepayments.api:braintree-core:4.41.0] AndroidManifest.xml:14:9-45
21-->[com.braintreepayments.api:braintree-core:4.41.0] AndroidManifest.xml:14:18-42
22        <package android:name="com.paypal.android.p2pmobile" />
22-->[com.braintreepayments.api:braintree-core:4.41.0] AndroidManifest.xml:15:9-64
22-->[com.braintreepayments.api:braintree-core:4.41.0] AndroidManifest.xml:15:18-61
23
24        <intent>
24-->[com.braintreepayments.api:browser-switch:2.6.1] AndroidManifest.xml:8:9-14:18
25            <action android:name="android.intent.action.VIEW" />
25-->src\main\AndroidManifest.xml:51:17-69
25-->src\main\AndroidManifest.xml:51:25-66
26
27            <category android:name="android.intent.category.BROWSABLE" />
27-->src\main\AndroidManifest.xml:54:17-78
27-->src\main\AndroidManifest.xml:54:27-75
28
29            <data android:scheme="https" />
29-->src\main\AndroidManifest.xml:56:17-68
29-->src\main\AndroidManifest.xml:56:23-65
30        </intent>
31        <intent>
31-->[com.braintreepayments.api:browser-switch:2.6.1] AndroidManifest.xml:15:9-17:18
32            <action android:name="android.support.customtabs.action.CustomTabsService" />
32-->[com.braintreepayments.api:browser-switch:2.6.1] AndroidManifest.xml:16:13-90
32-->[com.braintreepayments.api:browser-switch:2.6.1] AndroidManifest.xml:16:21-87
33        </intent> <!-- Needs to be explicitly declared on Android R+ -->
34        <package android:name="com.google.android.apps.maps" />
34-->[com.google.android.gms:play-services-maps:18.0.2] AndroidManifest.xml:33:9-64
34-->[com.google.android.gms:play-services-maps:18.0.2] AndroidManifest.xml:33:18-61
35    </queries>
36
37    <uses-permission android:name="android.permission.WRITE_EXTERNAL_STORAGE" />
37-->[com.github.LottieFiles:dotlottie-android:0.5.0] AndroidManifest.xml:7:5-81
37-->[com.github.LottieFiles:dotlottie-android:0.5.0] AndroidManifest.xml:7:22-78
38    <uses-permission android:name="android.permission.READ_EXTERNAL_STORAGE" />
39    <uses-permission android:name="android.permission.USE_BIOMETRIC" /> <!-- suppress DeprecatedClassUsageInspection -->
39-->[androidx.biometric:biometric:1.1.0] AndroidManifest.xml:24:5-72
39-->[androidx.biometric:biometric:1.1.0] AndroidManifest.xml:24:22-69
40    <uses-permission android:name="android.permission.USE_FINGERPRINT" />
40-->[androidx.biometric:biometric:1.1.0] AndroidManifest.xml:27:5-74
40-->[androidx.biometric:biometric:1.1.0] AndroidManifest.xml:27:22-71
41
42    <uses-feature
42-->[com.google.android.gms:play-services-maps:18.0.2] AndroidManifest.xml:26:5-28:35
43        android:glEsVersion="0x00020000"
43-->[com.google.android.gms:play-services-maps:18.0.2] AndroidManifest.xml:27:9-41
44        android:required="true" /> <!-- NOTE: Developers need to copy permission declarations to their app's manifest. -->
44-->[com.google.android.gms:play-services-maps:18.0.2] AndroidManifest.xml:28:9-32
45    <!-- Required for downloading AiPack models. -->
46    <uses-permission android:name="android.permission.FOREGROUND_SERVICE" />
46-->[com.google.ai.edge.litert:litert:2.1.1] AndroidManifest.xml:23:5-76
46-->[com.google.ai.edge.litert:litert:2.1.1] AndroidManifest.xml:23:22-74
47    <uses-permission android:name="android.permission.FOREGROUND_SERVICE_DATA_SYNC" />
47-->[com.google.ai.edge.litert:litert:2.1.1] AndroidManifest.xml:24:5-86
47-->[com.google.ai.edge.litert:litert:2.1.1] AndroidManifest.xml:24:22-84
48    <uses-permission android:name="com.google.android.providers.gsf.permission.READ_GSERVICES" />
48-->[com.google.android.recaptcha:recaptcha:18.4.0] AndroidManifest.xml:9:5-98
48-->[com.google.android.recaptcha:recaptcha:18.4.0] AndroidManifest.xml:9:22-95
49    <uses-permission android:name="android.permission.WAKE_LOCK" />
49-->[androidx.work:work-runtime:2.9.1] AndroidManifest.xml:23:5-68
49-->[androidx.work:work-runtime:2.9.1] AndroidManifest.xml:23:22-65
50    <uses-permission android:name="android.permission.RECEIVE_BOOT_COMPLETED" />
50-->[androidx.work:work-runtime:2.9.1] AndroidManifest.xml:25:5-81
50-->[androidx.work:work-runtime:2.9.1] AndroidManifest.xml:25:22-78
51
52    <permission
52-->[androidx.core:core:1.17.0] AndroidManifest.xml:22:5-24:47
53        android:name="bankal_deir.com.DYNAMIC_RECEIVER_NOT_EXPORTED_PERMISSION"
53-->[androidx.core:core:1.17.0] AndroidManifest.xml:23:9-81
54        android:protectionLevel="signature" />
54-->[androidx.core:core:1.17.0] AndroidManifest.xml:24:9-44
55
56    <uses-permission android:name="bankal_deir.com.DYNAMIC_RECEIVER_NOT_EXPORTED_PERMISSION" />
56-->[androidx.core:core:1.17.0] AndroidManifest.xml:26:5-97
56-->[androidx.core:core:1.17.0] AndroidManifest.xml:26:22-94
57
58    <uses-feature
58-->[com.journeyapps:zxing-android-embedded:4.3.0] AndroidManifest.xml:28:5-30:36
59        android:name="android.hardware.camera.front"
59-->[com.journeyapps:zxing-android-embedded:4.3.0] AndroidManifest.xml:29:9-53
60        android:required="false" /> <!-- TODO replace above two with next line after Android 4.2 -->
60-->[com.journeyapps:zxing-android-embedded:4.3.0] AndroidManifest.xml:30:9-33
61    <!-- <uses-feature android:name="android.hardware.camera.any"/> -->
62    <uses-feature
62-->[com.journeyapps:zxing-android-embedded:4.3.0] AndroidManifest.xml:33:5-35:36
63        android:name="android.hardware.camera.autofocus"
63-->[com.journeyapps:zxing-android-embedded:4.3.0] AndroidManifest.xml:34:9-57
64        android:required="false" />
64-->[com.journeyapps:zxing-android-embedded:4.3.0] AndroidManifest.xml:35:9-33
65    <uses-feature
65-->[com.journeyapps:zxing-android-embedded:4.3.0] AndroidManifest.xml:36:5-38:36
66        android:name="android.hardware.camera.flash"
66-->[com.journeyapps:zxing-android-embedded:4.3.0] AndroidManifest.xml:37:9-53
67        android:required="false" />
67-->[com.journeyapps:zxing-android-embedded:4.3.0] AndroidManifest.xml:38:9-33
68    <uses-feature
68-->[com.journeyapps:zxing-android-embedded:4.3.0] AndroidManifest.xml:39:5-41:36
69        android:name="android.hardware.screen.landscape"
69-->[com.journeyapps:zxing-android-embedded:4.3.0] AndroidManifest.xml:40:9-57
70        android:required="false" />
70-->[com.journeyapps:zxing-android-embedded:4.3.0] AndroidManifest.xml:41:9-33
71    <uses-feature
71-->[com.journeyapps:zxing-android-embedded:4.3.0] AndroidManifest.xml:42:5-44:36
72        android:name="android.hardware.wifi"
72-->[com.journeyapps:zxing-android-embedded:4.3.0] AndroidManifest.xml:43:9-45
73        android:required="false" />
73-->[com.journeyapps:zxing-android-embedded:4.3.0] AndroidManifest.xml:44:9-33
74
75    <application
75-->src\main\AndroidManifest.xml:16:5-139:19
76        android:name="bankal_deir.com.App"
76-->src\main\AndroidManifest.xml:17:9-28
77        android:allowBackup="true"
77-->src\main\AndroidManifest.xml:18:9-35
78        android:appComponentFactory="androidx.core.app.CoreComponentFactory"
78-->[androidx.core:core:1.17.0] AndroidManifest.xml:28:18-86
79        android:dataExtractionRules="@xml/data_extraction_rules"
79-->src\main\AndroidManifest.xml:19:9-65
80        android:debuggable="true"
81        android:extractNativeLibs="false"
82        android:fullBackupContent="@xml/backup_rules"
82-->src\main\AndroidManifest.xml:20:9-54
83        android:icon="@mipmap/ic_launcher"
83-->src\main\AndroidManifest.xml:21:9-43
84        android:label="@string/app_name"
84-->src\main\AndroidManifest.xml:22:9-41
85        android:networkSecurityConfig="@xml/network_security_config"
85-->src\main\AndroidManifest.xml:26:9-69
86        android:roundIcon="@mipmap/ic_launcher_round"
86-->src\main\AndroidManifest.xml:23:9-54
87        android:supportsRtl="true"
87-->src\main\AndroidManifest.xml:24:9-35
88        android:testOnly="true"
89        android:theme="@style/Theme.BankALDeir" >
89-->src\main\AndroidManifest.xml:25:9-48
90        <activity
90-->src\main\AndroidManifest.xml:27:9-36:20
91            android:name="bankal_deir.com.Splash.SplashActivity"
91-->src\main\AndroidManifest.xml:28:13-50
92            android:exported="true" >
92-->src\main\AndroidManifest.xml:29:13-36
93            <intent-filter>
93-->src\main\AndroidManifest.xml:31:13-35:29
94                <action android:name="android.intent.action.MAIN" />
94-->src\main\AndroidManifest.xml:32:17-69
94-->src\main\AndroidManifest.xml:32:25-66
95
96                <category android:name="android.intent.category.LAUNCHER" />
96-->src\main\AndroidManifest.xml:34:17-77
96-->src\main\AndroidManifest.xml:34:27-74
97            </intent-filter>
98        </activity>
99        <activity
99-->src\main\AndroidManifest.xml:37:9-39:40
100            android:name="bankal_deir.com.Fatora.UI.FatoraPayActivity"
100-->src\main\AndroidManifest.xml:38:13-56
101            android:exported="false" />
101-->src\main\AndroidManifest.xml:39:13-37
102        <activity
102-->src\main\AndroidManifest.xml:40:9-42:40
103            android:name="bankal_deir.com.History.HistoryActivity"
103-->src\main\AndroidManifest.xml:41:13-52
104            android:exported="false" />
104-->src\main\AndroidManifest.xml:42:13-37
105        <activity
105-->src\main\AndroidManifest.xml:43:9-45:40
106            android:name="bankal_deir.com.ShowTransaction.ShowTransaction"
106-->src\main\AndroidManifest.xml:44:13-60
107            android:exported="false" />
107-->src\main\AndroidManifest.xml:45:13-37
108        <activity
108-->src\main\AndroidManifest.xml:46:9-58:20
109            android:name="bankal_deir.com.AmountTopUp.AmountActivity"
109-->src\main\AndroidManifest.xml:47:13-55
110            android:exported="true"
110-->src\main\AndroidManifest.xml:48:13-36
111            android:launchMode="singleTop" >
111-->src\main\AndroidManifest.xml:49:13-43
112            <intent-filter>
112-->src\main\AndroidManifest.xml:50:13-57:29
113                <action android:name="android.intent.action.VIEW" />
113-->src\main\AndroidManifest.xml:51:17-69
113-->src\main\AndroidManifest.xml:51:25-66
114
115                <category android:name="android.intent.category.DEFAULT" />
115-->src\main\AndroidManifest.xml:53:17-76
115-->src\main\AndroidManifest.xml:53:27-73
116                <category android:name="android.intent.category.BROWSABLE" />
116-->src\main\AndroidManifest.xml:54:17-78
116-->src\main\AndroidManifest.xml:54:27-75
117
118                <data android:scheme="bankal_deir.com.braintree" />
118-->src\main\AndroidManifest.xml:56:17-68
118-->src\main\AndroidManifest.xml:56:23-65
119            </intent-filter>
120        </activity>
121        <activity
121-->src\main\AndroidManifest.xml:59:9-61:40
122            android:name="bankal_deir.com.Login.RegisterUserDetails"
122-->src\main\AndroidManifest.xml:60:13-54
123            android:exported="false" />
123-->src\main\AndroidManifest.xml:61:13-37
124        <activity
124-->src\main\AndroidManifest.xml:62:9-65:52
125            android:name="bankal_deir.com.Login.LoginWithPhoneNumber"
125-->src\main\AndroidManifest.xml:63:13-55
126            android:exported="false"
126-->src\main\AndroidManifest.xml:64:13-37
127            android:screenOrientation="portrait" />
127-->src\main\AndroidManifest.xml:65:13-49
128        <activity
128-->src\main\AndroidManifest.xml:66:9-69:52
129            android:name="bankal_deir.com.Login.VerifyPhoneNumber"
129-->src\main\AndroidManifest.xml:67:13-52
130            android:exported="false"
130-->src\main\AndroidManifest.xml:68:13-37
131            android:screenOrientation="portrait" />
131-->src\main\AndroidManifest.xml:69:13-49
132        <activity
132-->src\main\AndroidManifest.xml:70:9-72:40
133            android:name="bankal_deir.com.Fatora.UI.FatoraMain"
133-->src\main\AndroidManifest.xml:71:13-49
134            android:exported="false" />
134-->src\main\AndroidManifest.xml:72:13-37
135        <activity
135-->src\main\AndroidManifest.xml:73:9-75:40
136            android:name="bankal_deir.com.pinPage.createPinCode"
136-->src\main\AndroidManifest.xml:74:13-50
137            android:exported="false" />
137-->src\main\AndroidManifest.xml:75:13-37
138        <activity
138-->src\main\AndroidManifest.xml:76:9-78:40
139            android:name="bankal_deir.com.pinPage.PinPage"
139-->src\main\AndroidManifest.xml:77:13-44
140            android:exported="false" />
140-->src\main\AndroidManifest.xml:78:13-37
141        <activity
141-->src\main\AndroidManifest.xml:79:9-81:40
142            android:name="bankal_deir.com.CardVariant"
142-->src\main\AndroidManifest.xml:80:13-40
143            android:exported="false" />
143-->src\main\AndroidManifest.xml:81:13-37
144        <activity
144-->src\main\AndroidManifest.xml:82:9-85:58
145            android:name="bankal_deir.com.updateProfile.updateProfile"
145-->src\main\AndroidManifest.xml:83:13-56
146            android:exported="false"
146-->src\main\AndroidManifest.xml:84:13-37
147            android:windowSoftInputMode="adjustResize" />
147-->src\main\AndroidManifest.xml:85:13-55
148        <activity
148-->src\main\AndroidManifest.xml:86:9-88:40
149            android:name="bankal_deir.com.cardShowDetailsAfterCreate"
149-->src\main\AndroidManifest.xml:87:13-55
150            android:exported="false" />
150-->src\main\AndroidManifest.xml:88:13-37
151        <activity
151-->src\main\AndroidManifest.xml:89:9-91:40
152            android:name="bankal_deir.com.finalDetailsNewCard"
152-->src\main\AndroidManifest.xml:90:13-48
153            android:exported="false" />
153-->src\main\AndroidManifest.xml:91:13-37
154        <activity
154-->src\main\AndroidManifest.xml:92:9-94:40
155            android:name="bankal_deir.com.createNewCard"
155-->src\main\AndroidManifest.xml:93:13-42
156            android:exported="false" />
156-->src\main\AndroidManifest.xml:94:13-37
157        <activity
157-->src\main\AndroidManifest.xml:95:9-97:40
158            android:name="bankal_deir.com.cards"
158-->src\main\AndroidManifest.xml:96:13-34
159            android:exported="false" />
159-->src\main\AndroidManifest.xml:97:13-37
160        <activity
160-->src\main\AndroidManifest.xml:98:9-100:40
161            android:name="bankal_deir.com.profilePage"
161-->src\main\AndroidManifest.xml:99:13-40
162            android:exported="false" />
162-->src\main\AndroidManifest.xml:100:13-37
163        <activity
163-->src\main\AndroidManifest.xml:101:9-104:58
164            android:name="bankal_deir.com.sendmoney.sendMoney"
164-->src\main\AndroidManifest.xml:102:13-48
165            android:exported="false"
165-->src\main\AndroidManifest.xml:103:13-37
166            android:windowSoftInputMode="adjustResize" />
166-->src\main\AndroidManifest.xml:104:13-55
167        <activity
167-->src\main\AndroidManifest.xml:105:9-107:40
168            android:name="bankal_deir.com.recive.Recive"
168-->src\main\AndroidManifest.xml:106:13-42
169            android:exported="false" />
169-->src\main\AndroidManifest.xml:107:13-37
170        <activity
170-->src\main\AndroidManifest.xml:108:9-111:58
171            android:name="bankal_deir.com.Signup.OTP_Page"
171-->src\main\AndroidManifest.xml:109:13-44
172            android:exported="false"
172-->src\main\AndroidManifest.xml:110:13-37
173            android:windowSoftInputMode="adjustResize" />
173-->src\main\AndroidManifest.xml:111:13-55
174        <activity
174-->src\main\AndroidManifest.xml:112:9-115:58
175            android:name="bankal_deir.com.Signup.SignUp"
175-->src\main\AndroidManifest.xml:113:13-42
176            android:exported="false"
176-->src\main\AndroidManifest.xml:114:13-37
177            android:windowSoftInputMode="adjustResize" />
177-->src\main\AndroidManifest.xml:115:13-55
178        <activity
178-->src\main\AndroidManifest.xml:116:9-118:40
179            android:name="bankal_deir.com.MainPage"
179-->src\main\AndroidManifest.xml:117:13-37
180            android:exported="false" />
180-->src\main\AndroidManifest.xml:118:13-37
181        <activity
181-->src\main\AndroidManifest.xml:119:9-122:58
182            android:name="bankal_deir.com.Login.LoginPage"
182-->src\main\AndroidManifest.xml:120:13-44
183            android:exported="false"
183-->src\main\AndroidManifest.xml:121:13-37
184            android:windowSoftInputMode="adjustResize" />
184-->src\main\AndroidManifest.xml:122:13-55
185        <activity
185-->src\main\AndroidManifest.xml:123:9-127:20
186            android:name="bankal_deir.com.MainActivity"
186-->src\main\AndroidManifest.xml:124:13-41
187            android:exported="true" >
187-->src\main\AndroidManifest.xml:125:13-36
188        </activity>
189        <activity
189-->src\main\AndroidManifest.xml:129:9-134:63
190            android:name="bankal_deir.com.CustomCaptureActivity"
190-->src\main\AndroidManifest.xml:130:13-50
191            android:screenOrientation="fullSensor"
191-->src\main\AndroidManifest.xml:131:13-51
192            android:stateNotNeeded="true"
192-->src\main\AndroidManifest.xml:132:13-42
193            android:theme="@style/Theme.AppCompat.NoActionBar"
193-->src\main\AndroidManifest.xml:133:13-63
194            android:windowSoftInputMode="stateAlwaysHidden" />
194-->src\main\AndroidManifest.xml:134:13-60
195
196        <meta-data
196-->src\main\AndroidManifest.xml:136:9-138:57
197            android:name="preloaded_fonts"
197-->src\main\AndroidManifest.xml:137:13-43
198            android:resource="@array/preloaded_fonts" />
198-->src\main\AndroidManifest.xml:138:13-54
199        <meta-data
199-->[com.braintreepayments.api:google-pay:4.41.0] AndroidManifest.xml:8:9-10:36
200            android:name="com.google.android.gms.wallet.api.enabled"
200-->[com.braintreepayments.api:google-pay:4.41.0] AndroidManifest.xml:9:13-69
201            android:value="true" />
201-->[com.braintreepayments.api:google-pay:4.41.0] AndroidManifest.xml:10:13-33
202
203        <activity
203-->[com.braintreepayments.api:google-pay:4.41.0] AndroidManifest.xml:12:9-14:62
204            android:name="com.braintreepayments.api.GooglePayActivity"
204-->[com.braintreepayments.api:google-pay:4.41.0] AndroidManifest.xml:13:13-71
205            android:theme="@style/bt_transparent_activity" />
205-->[com.braintreepayments.api:google-pay:4.41.0] AndroidManifest.xml:14:13-59
206        <activity
206-->[com.braintreepayments.api:braintree-core:4.41.0] AndroidManifest.xml:19:9-31:20
207            android:name="com.braintreepayments.api.BraintreeDeepLinkActivity"
207-->[com.braintreepayments.api:braintree-core:4.41.0] AndroidManifest.xml:20:13-79
208            android:exported="true"
208-->[com.braintreepayments.api:braintree-core:4.41.0] AndroidManifest.xml:21:13-36
209            android:launchMode="singleTask" >
209-->[com.braintreepayments.api:braintree-core:4.41.0] AndroidManifest.xml:22:13-44
210            <intent-filter>
210-->[com.braintreepayments.api:braintree-core:4.41.0] AndroidManifest.xml:23:13-30:29
211                <action android:name="android.intent.action.VIEW" />
211-->src\main\AndroidManifest.xml:51:17-69
211-->src\main\AndroidManifest.xml:51:25-66
212
213                <data android:scheme="bankal_deir.com.braintree.deeplinkhandler" />
213-->src\main\AndroidManifest.xml:56:17-68
213-->src\main\AndroidManifest.xml:56:23-65
214
215                <category android:name="android.intent.category.DEFAULT" />
215-->src\main\AndroidManifest.xml:53:17-76
215-->src\main\AndroidManifest.xml:53:27-73
216                <category android:name="android.intent.category.BROWSABLE" />
216-->src\main\AndroidManifest.xml:54:17-78
216-->src\main\AndroidManifest.xml:54:27-75
217            </intent-filter>
218        </activity>
219
220        <service
220-->[com.google.firebase:firebase-auth-ktx:23.0.0] AndroidManifest.xml:8:9-14:19
221            android:name="com.google.firebase.components.ComponentDiscoveryService"
221-->[com.google.firebase:firebase-auth-ktx:23.0.0] AndroidManifest.xml:9:13-84
222            android:directBootAware="true"
222-->[com.google.firebase:firebase-common:21.0.0] AndroidManifest.xml:32:13-43
223            android:exported="false" >
223-->[com.google.firebase:firebase-auth-ktx:23.0.0] AndroidManifest.xml:10:13-37
224            <meta-data
224-->[com.google.firebase:firebase-auth-ktx:23.0.0] AndroidManifest.xml:11:13-13:85
225                android:name="com.google.firebase.components:com.google.firebase.auth.ktx.FirebaseAuthLegacyRegistrar"
225-->[com.google.firebase:firebase-auth-ktx:23.0.0] AndroidManifest.xml:12:17-119
226                android:value="com.google.firebase.components.ComponentRegistrar" />
226-->[com.google.firebase:firebase-auth-ktx:23.0.0] AndroidManifest.xml:13:17-82
227            <meta-data
227-->[com.google.firebase:firebase-auth:23.0.0] AndroidManifest.xml:69:13-71:85
228                android:name="com.google.firebase.components:com.google.firebase.auth.FirebaseAuthRegistrar"
228-->[com.google.firebase:firebase-auth:23.0.0] AndroidManifest.xml:70:17-109
229                android:value="com.google.firebase.components.ComponentRegistrar" />
229-->[com.google.firebase:firebase-auth:23.0.0] AndroidManifest.xml:71:17-82
230            <meta-data
230-->[com.google.firebase:firebase-appcheck-debug:18.0.0] AndroidManifest.xml:25:13-27:85
231                android:name="com.google.firebase.components:com.google.firebase.appcheck.debug.FirebaseAppCheckDebugRegistrar"
231-->[com.google.firebase:firebase-appcheck-debug:18.0.0] AndroidManifest.xml:26:17-128
232                android:value="com.google.firebase.components.ComponentRegistrar" />
232-->[com.google.firebase:firebase-appcheck-debug:18.0.0] AndroidManifest.xml:27:17-82
233            <meta-data
233-->[com.google.firebase:firebase-storage-ktx:21.0.0] AndroidManifest.xml:12:13-14:85
234                android:name="com.google.firebase.components:com.google.firebase.storage.ktx.FirebaseStorageLegacyRegistrar"
234-->[com.google.firebase:firebase-storage-ktx:21.0.0] AndroidManifest.xml:13:17-125
235                android:value="com.google.firebase.components.ComponentRegistrar" />
235-->[com.google.firebase:firebase-storage-ktx:21.0.0] AndroidManifest.xml:14:17-82
236            <meta-data
236-->[com.google.firebase:firebase-storage:21.0.0] AndroidManifest.xml:30:13-32:85
237                android:name="com.google.firebase.components:com.google.firebase.storage.FirebaseStorageKtxRegistrar"
237-->[com.google.firebase:firebase-storage:21.0.0] AndroidManifest.xml:31:17-118
238                android:value="com.google.firebase.components.ComponentRegistrar" />
238-->[com.google.firebase:firebase-storage:21.0.0] AndroidManifest.xml:32:17-82
239            <meta-data
239-->[com.google.firebase:firebase-storage:21.0.0] AndroidManifest.xml:33:13-35:85
240                android:name="com.google.firebase.components:com.google.firebase.storage.StorageRegistrar"
240-->[com.google.firebase:firebase-storage:21.0.0] AndroidManifest.xml:34:17-107
241                android:value="com.google.firebase.components.ComponentRegistrar" />
241-->[com.google.firebase:firebase-storage:21.0.0] AndroidManifest.xml:35:17-82
242            <meta-data
242-->[com.google.firebase:firebase-appcheck:18.0.0] AndroidManifest.xml:25:13-27:85
243                android:name="com.google.firebase.components:com.google.firebase.appcheck.FirebaseAppCheckKtxRegistrar"
243-->[com.google.firebase:firebase-appcheck:18.0.0] AndroidManifest.xml:26:17-120
244                android:value="com.google.firebase.components.ComponentRegistrar" />
244-->[com.google.firebase:firebase-appcheck:18.0.0] AndroidManifest.xml:27:17-82
245            <meta-data
245-->[com.google.firebase:firebase-appcheck:18.0.0] AndroidManifest.xml:28:13-30:85
246                android:name="com.google.firebase.components:com.google.firebase.appcheck.FirebaseAppCheckRegistrar"
246-->[com.google.firebase:firebase-appcheck:18.0.0] AndroidManifest.xml:29:17-117
247                android:value="com.google.firebase.components.ComponentRegistrar" />
247-->[com.google.firebase:firebase-appcheck:18.0.0] AndroidManifest.xml:30:17-82
248            <meta-data
248-->[com.google.firebase:firebase-database-ktx:21.0.0] AndroidManifest.xml:12:13-14:85
249                android:name="com.google.firebase.components:com.google.firebase.database.ktx.FirebaseDatabaseLegacyRegistrar"
249-->[com.google.firebase:firebase-database-ktx:21.0.0] AndroidManifest.xml:13:17-127
250                android:value="com.google.firebase.components.ComponentRegistrar" />
250-->[com.google.firebase:firebase-database-ktx:21.0.0] AndroidManifest.xml:14:17-82
251            <meta-data
251-->[com.google.firebase:firebase-database:21.0.0] AndroidManifest.xml:29:13-31:85
252                android:name="com.google.firebase.components:com.google.firebase.database.FirebaseDatabaseKtxRegistrar"
252-->[com.google.firebase:firebase-database:21.0.0] AndroidManifest.xml:30:17-120
253                android:value="com.google.firebase.components.ComponentRegistrar" />
253-->[com.google.firebase:firebase-database:21.0.0] AndroidManifest.xml:31:17-82
254            <meta-data
254-->[com.google.firebase:firebase-database:21.0.0] AndroidManifest.xml:32:13-34:85
255                android:name="com.google.firebase.components:com.google.firebase.database.DatabaseRegistrar"
255-->[com.google.firebase:firebase-database:21.0.0] AndroidManifest.xml:33:17-109
256                android:value="com.google.firebase.components.ComponentRegistrar" />
256-->[com.google.firebase:firebase-database:21.0.0] AndroidManifest.xml:34:17-82
257            <meta-data
257-->[com.google.firebase:firebase-common-ktx:21.0.0] AndroidManifest.xml:12:13-14:85
258                android:name="com.google.firebase.components:com.google.firebase.ktx.FirebaseCommonLegacyRegistrar"
258-->[com.google.firebase:firebase-common-ktx:21.0.0] AndroidManifest.xml:13:17-116
259                android:value="com.google.firebase.components.ComponentRegistrar" />
259-->[com.google.firebase:firebase-common-ktx:21.0.0] AndroidManifest.xml:14:17-82
260            <meta-data
260-->[com.google.firebase:firebase-common:21.0.0] AndroidManifest.xml:35:13-37:85
261                android:name="com.google.firebase.components:com.google.firebase.FirebaseCommonKtxRegistrar"
261-->[com.google.firebase:firebase-common:21.0.0] AndroidManifest.xml:36:17-109
262                android:value="com.google.firebase.components.ComponentRegistrar" />
262-->[com.google.firebase:firebase-common:21.0.0] AndroidManifest.xml:37:17-82
263        </service>
264
265        <activity
265-->[com.google.firebase:firebase-auth:23.0.0] AndroidManifest.xml:29:9-46:20
266            android:name="com.google.firebase.auth.internal.GenericIdpActivity"
266-->[com.google.firebase:firebase-auth:23.0.0] AndroidManifest.xml:30:13-80
267            android:excludeFromRecents="true"
267-->[com.google.firebase:firebase-auth:23.0.0] AndroidManifest.xml:31:13-46
268            android:exported="true"
268-->[com.google.firebase:firebase-auth:23.0.0] AndroidManifest.xml:32:13-36
269            android:launchMode="singleTask"
269-->[com.google.firebase:firebase-auth:23.0.0] AndroidManifest.xml:33:13-44
270            android:theme="@android:style/Theme.Translucent.NoTitleBar" >
270-->[com.google.firebase:firebase-auth:23.0.0] AndroidManifest.xml:34:13-72
271            <intent-filter>
271-->[com.google.firebase:firebase-auth:23.0.0] AndroidManifest.xml:35:13-45:29
272                <action android:name="android.intent.action.VIEW" />
272-->src\main\AndroidManifest.xml:51:17-69
272-->src\main\AndroidManifest.xml:51:25-66
273
274                <category android:name="android.intent.category.DEFAULT" />
274-->src\main\AndroidManifest.xml:53:17-76
274-->src\main\AndroidManifest.xml:53:27-73
275                <category android:name="android.intent.category.BROWSABLE" />
275-->src\main\AndroidManifest.xml:54:17-78
275-->src\main\AndroidManifest.xml:54:27-75
276
277                <data
277-->src\main\AndroidManifest.xml:56:17-68
278                    android:host="firebase.auth"
279                    android:path="/"
280                    android:scheme="genericidp" />
280-->src\main\AndroidManifest.xml:56:23-65
281            </intent-filter>
282        </activity>
283        <activity
283-->[com.google.firebase:firebase-auth:23.0.0] AndroidManifest.xml:47:9-64:20
284            android:name="com.google.firebase.auth.internal.RecaptchaActivity"
284-->[com.google.firebase:firebase-auth:23.0.0] AndroidManifest.xml:48:13-79
285            android:excludeFromRecents="true"
285-->[com.google.firebase:firebase-auth:23.0.0] AndroidManifest.xml:49:13-46
286            android:exported="true"
286-->[com.google.firebase:firebase-auth:23.0.0] AndroidManifest.xml:50:13-36